
[0m[2m[35m$[0m [2m[1mrun-s clean style-dictionary bundle cp-sass sass del:css postcss[0m
[0m[2m[35m$[0m [2m[1mrm -rf out[0m
[0m[2m[35m$[0m [2m[1mtsx lib/build-tokens.ts[0m

esm
[38;2;255;140;0mNo properties for index.js. File not created.[39m
[38;2;255;140;0mNo properties for index.d.ts. File not created.[39m

cjs
[38;2;255;140;0mNo properties for index.cjs. File not created.[39m
[38;2;255;140;0mNo properties for index.cjs.d.ts. File not created.[39m

json
[38;2;255;140;0mNo properties for tokens.json. File not created.[39m
[38;2;255;140;0mNo properties for tokens.flat.json. File not created.[39m

css
[38;2;255;140;0mNo properties for variables.css. File not created.[39m
[38;2;255;140;0mNo properties for paldea-theme.css. File not created.[39m

scss
[38;2;255;140;0mNo properties for _variables.scss. File not created.[39m

react-native
[38;2;255;140;0mNo properties for variables.js. File not created.[39m
Done!
[0m[2m[35m$[0m [2m[1mbun run build.ts[0m
[0m[2m[35m$[0m [2m[1mcp out/tokens/css/paldea-theme.css lib/styles/vendor/paldea-theme.scss[0m
cp: out/tokens/css/paldea-theme.css: No such file or directory
[0m[31merror[0m[2m:[0m script [1m"cp-sass"[0m exited with code 1[0m
[31mERROR: "cp-sass" exited with 1.[39m
[0m[31merror[0m[2m:[0m script [1m"build"[0m exited with code 1[0m
